2025-10-31 22:16:35,314 [INFO] === Starting: Data Preparation ===
2025-10-31 22:16:37,794 [ERROR] \u274c Failed: Data Preparation | Error: Command '['python', 'scripts/prepare_customer_csv.py']' returned non-zero exit status 1.
2025-10-31 22:17:34,027 [INFO] === Starting: Data Preparation ===
2025-10-31 22:17:35,645 [INFO] \u2705 Completed: Data Preparation
2025-10-31 22:17:35,645 [INFO] === Starting: Generate Personalized Audio Snippets ===
2025-10-31 22:17:35,738 [INFO] \u2705 Completed: Generate Personalized Audio Snippets
2025-10-31 22:17:35,738 [INFO] === Starting: Generate Visual Cards ===
2025-10-31 22:17:38,633 [INFO] \u2705 Completed: Generate Visual Cards
2025-10-31 22:17:38,633 [INFO] === Starting: Compose Personalized Videos ===
2025-10-31 22:17:38,835 [ERROR] \u274c Failed: Compose Personalized Videos | Error: Command '['python', 'scripts/compose_videos.py']' returned non-zero exit status 1.
2025-10-31 23:23:16,569 [INFO] === Starting: Data Preparation ===
2025-10-31 23:23:18,851 [ERROR] \u274c Failed: Data Preparation | Error: Command '['python', 'scripts/prepare_customer_csv.py']' returned non-zero exit status 1.
2025-10-31 23:29:35,755 [INFO] === Starting: Data Preparation ===
2025-10-31 23:29:37,449 [INFO] \u2705 Completed: Data Preparation
2025-10-31 23:29:37,449 [INFO] === Starting: Generate Personalized Audio Snippets ===
2025-10-31 23:29:37,540 [INFO] \u2705 Completed: Generate Personalized Audio Snippets
2025-10-31 23:29:37,540 [INFO] === Starting: Generate Visual Cards ===
2025-10-31 23:29:40,574 [INFO] \u2705 Completed: Generate Visual Cards
2025-10-31 23:29:40,574 [INFO] === Starting: Compose Personalized Videos ===
2025-10-31 23:29:40,810 [ERROR] \u274c Failed: Compose Personalized Videos | Error: Command '['python', 'scripts/compose_videos.py']' returned non-zero exit status 1.
2025-10-31 23:48:23,454 [INFO] === Starting: Data Preparation ===
2025-10-31 23:48:25,156 [INFO] \u2705 Completed: Data Preparation
2025-10-31 23:48:25,156 [INFO] === Starting: Generate Personalized Audio Snippets ===
2025-10-31 23:48:25,260 [INFO] \u2705 Completed: Generate Personalized Audio Snippets
2025-10-31 23:48:25,260 [INFO] === Starting: Generate Visual Cards ===
2025-10-31 23:48:28,012 [INFO] \u2705 Completed: Generate Visual Cards
2025-10-31 23:48:28,013 [INFO] === Starting: Compose Personalized Videos ===
2025-10-31 23:48:28,193 [ERROR] \u274c Failed: Compose Personalized Videos | Error: Command '['python', 'scripts/compose_videos.py']' returned non-zero exit status 1.
2025-11-01 00:07:17,470 [INFO] === Starting: Data Preparation ===
2025-11-01 00:07:18,080 [INFO] \u2705 Completed: Data Preparation
2025-11-01 00:07:18,081 [INFO] === Starting: Generate Personalized Audio Snippets ===
2025-11-01 00:07:18,118 [INFO] \u2705 Completed: Generate Personalized Audio Snippets
2025-11-01 00:07:18,118 [INFO] === Starting: Generate Visual Cards ===
2025-11-01 00:07:19,931 [INFO] \u2705 Completed: Generate Visual Cards
2025-11-01 00:07:19,931 [INFO] === Starting: Compose Personalized Videos ===
2025-11-01 00:07:20,004 [ERROR] \u274c Failed: Compose Personalized Videos | Error: Command '['python', 'scripts/compose_videos.py']' returned non-zero exit status 1.
